1616111678695	geckodriver	INFO	Listening on 127.0.0.1:59922
1616111844982	geckodriver	INFO	Listening on 127.0.0.1:60082
1616112218176	geckodriver	INFO	Listening on 127.0.0.1:60380
1616112221208	mozrunner::runner	INFO	Running command: "C:\\Users\\apelaez\\AppData\\Local\\Mozilla Firefox\\firefox.exe" "--marionette" "-foreground" "-no-remote" "-profile" "C:\\Users\\apelaez\\AppData\\Local\\Temp\\rust_mozprofileqFNG4A"
console.warn: SearchSettings: "get: No settings file exists, new profile?" (new Error("", "(unknown module)"))
1616112224324	Marionette	INFO	Listening on port 60390
console.error: Region.jsm: "Error fetching region" (new TypeError("NetworkError when attempting to fetch resource.", ""))
console.error: Region.jsm: "Failed to fetch region" (new Error("NO_RESULT", "resource://gre/modules/Region.jsm", 422))
1616112224454	Marionette	WARN	TLS certificate errors will be ignored for this session
1616112341818	Marionette	INFO	Stopped listening on port 60390
6112267278	geckodriver	INFO	Listening on 127.0.0.1:60494
1616112270322	mozrunner::runner	INFO	Running command: "C:\\Users\\apelaez\\AppData\\Local\\Mozilla Firefox\\firefox.exe" "--marionette" "-foreground" "-no-remote" "-profile" "C:\\Users\\apelaez\\AppData\\Local\\Temp\\rust_mozprofilepsW5Tz"
console.warn: SearchSettings: "get: No settings file exists, new profile?" (new Error("", "(unknown module)"))
console.error: Region.jsm: "Error fetching region" (new TypeError("NetworkError when attempting to fetch resource.", ""))
console.error: Region.jsm: "Failed to fetch region" (new Error("NO_RESULT", "resource://gre/modules/Region.jsm", 422))
1616112273168	Marionette	INFO	Listening on port 60504
1616112273565	Marionette	WARN	TLS certificate errors will be ignored for this session
1616112340724	Marionette	INFO	Stopped listening on port 60504

###!!! [Child][RunMessage] Error: Channel closing: too late to send/recv, messages will be lost

 command: "C:\\Users\\apelaez\\AppData\\Local\\Mozilla Firefox\\firefox.exe" "--marionette" "-foreground" "-no-remote" "-profile" "C:\\Users\\apelaez\\AppData\\Local\\Temp\\rust_mozprofileRfmoQU"
console.warn: SearchSettings: "get: No settings file exists, new profile?" (new Error("", "(unknown module)"))
console.error: Region.jsm: "Error fetching region" (new TypeError("NetworkError when attempting to fetch resource.", ""))
console.error: Region.jsm: "Failed to fetch region" (new Error("NO_RESULT", "resource://gre/modules/Region.jsm", 422))
1616112290250	Marionette	INFO	Listening on port 60578
1616112290670	Marionette	WARN	TLS certificate errors will be ignored for this session
1616112340232	Marionette	INFO	Stopped listening on port 60578

###!!! [Child][RunMessage] Error: Channel closing: too late to send/recv, messages will be lost

 command: "C:\\Users\\apelaez\\AppData\\Local\\Mozilla Firefox\\firefox.exe" "--marionette" "-foreground" "-no-remote" "-profile" "C:\\Users\\apelaez\\AppData\\Local\\Temp\\rust_mozprofilezPgTNQ"
console.warn: SearchSettings: "get: No settings file exists, new profile?" (new Error("", "(unknown module)"))
console.error: Region.jsm: "Error fetching region" (new TypeError("NetworkError when attempting to fetch resource.", ""))
console.error: Region.jsm: "Failed to fetch region" (new Error("NO_RESULT", "resource://gre/modules/Region.jsm", 422))
1616112339023	Marionette	INFO	Listening on port 60658
JavaScript error: resource://activity-stream/lib/ASRouter.jsm, line 988: NS_ERROR_ILLEGAL_VALUE: Component returned failure code: 0x80070057 (NS_ERROR_ILLEGAL_VALUE) [nsIObserverService.removeObserver]
1616112339201	Marionette	WARN	TLS certificate errors will be ignored for this session
Marionette threw an error: TypeError: this.curBrowser is null
GeckoDriver.prototype.newSession@chrome://marionette/content/driver.js:910:7
despatch@chrome://marionette/content/server.js:297:40
execute@chrome://marionette/content/server.js:267:16
onPacket/<@chrome://marionette/content/server.js:240:20
onPacket@chrome://marionette/content/server.js:241:9
_onJSONObjectReady/<@chrome://marionette/content/transport.js:504:20

1616112339476	Marionette	INFO	Stopped listening on port 60658
1616112344077	geckodriver	INFO	Listening on 127.0.0.1:60696
1616112347137	mozrunner::runner	INFO	Running command: "C:\\Users\\apelaez\\AppData\\Local\\Mozilla Firefox\\firefox.exe" "--marionette" "-foreground" "-no-remote" "-profile" "C:\\Users\\apelaez\\AppData\\Local\\Temp\\rust_mozprofileTZ4qU1"
console.warn: SearchSettings: "get: No settings file exists, new profile?" (new Error("", "(unknown module)"))
console.error: Region.jsm: "Error fetching region" (new TypeError("NetworkError when attempting to fetch resource.", ""))
console.error: Region.jsm: "Failed to fetch region" (new Error("NO_RESULT", "resource://gre/modules/Region.jsm", 422))
1616112350112	Marionette	INFO	Listening on port 60704
1616112350389	Marionette	WARN	TLS certificate errors will be ignored for this session
JavaScript error: https://itra.run/js/app.js?id=63cce5278ceb1616112355802	mozrunner::runner	INFO	Running command: "C:\\Users\\apelaez\\AppData\\Local\\Mozilla Firefox\\firefox.exe" "--marionette" "-foreground" "-no-remote" "-profile" "C:\\Users\\apelaez\\AppData\\Local\\Temp\\rust_mozprofile0zjhQi"
console.warn: SearchSettings: "get: No settings file exists, new profile?" (new Error("", "(unk1616112369616	Marionette	INFO	Stopped listening on port 60704

###!!! [Child][RunMessage] Error: Channel closing: too late to send/recv, messages will be lost

m: "Failed to fetch region" (new Error("NO_RESULT", "resource://gre/modules/Region.jsm", 422))
1616112358561	Marionette	INFO	Listening on port 60834
1616112359050	Marionette	WARN	TLS certificate errors will be ignored for this session
JavaScript error: https://connect.facebook.net/fr_FR/sdk.js?hash=80087b19801912233fb27a061546bbb9, line 59: uncaught exception: Error: invalid version specified
JavaScript error: https://itra.run/js/app.js?id=63cce5278cebf0344f35, line 1: TypeError: this is undefined
JavaScript error: https://itra.run/js/app.js?id=63cce5278cebf0344f35, line 1: TypeError: t.notifs.forEach is not a function
1616112364219	Marionette	INFO	Stopped listening on port 60834

###!!! [Child][RunMessage] Error: Channel closing: too late to send/recv, messages will be lost

1616112374973	geckodriver	INFO	Listening on 127.0.0.1:60961
1616112377984	mozrunner::runner	INFO	Running command: "C:\\Users\\apelaez\\AppData\\Local\\Mozilla Firefox\\firefox.exe" "--marionette" "-foreground" "-no-remote" "-profile" "C:\\Users\\apelaez\\AppData\\Local\\Temp\\rust_mozprofileoueA1M"
console.warn: SearchSettings: "get: No settings file exists, new profile?" (new Error("", "(unknown module)"))
1616112380350	Marionette	INFO	Listening on port 60969
console.error: Region.jsm: "Error fetching region" (new TypeError("NetworkError when attempting to fetch resource.", ""))
console.error: Region.jsm: "Failed to fetch region" (new Error("NO_RESULT", "resource://gre/modules/Region.jsm", 422))
1616112380748	Marionette	WARN	TLS certificate errors will be ignored for this session
JavaScript error: https://connect.facebook.net/fr_FR/sdk.js?hash=80087b19801912233fb27a061546bbb9, line 59: uncaught exception: Error: invalid version specified
JavaScript error: https://itra.run/js/app.js?id=63cce5278cebf0344f35, line 1: TypeError: this is undefined
JavaScript error: https://itra.run/js/app.js?id=63cce5278cebf0344f35, line 1: TypeError: t.notifs.forEach is not a function
JavaScript error: https://connect.facebook.net/fr_FR/sdk.js?hash=80087b19801912233fb27a061546bbb9, line 59: uncaught exception: Error: invalid version specified
JavaScript error: https://itra.run/js/app.js?id=63cce5278cebf0344f35, line 1: TypeError: this is undefined
JavaScript error: https://itra.run/js/app.js?id=63cce5278cebf0344f35, line 1: TypeError: t.notifs.forEach is not a function
1616112411999	Marionette	WARN	TimedPromise timed out after 500 ms: stacktrace:
TimedPromise/<@chrome://marionette/content/sync.js:231:19
TimedPromise@chrome://marionette/content/sync.js:216:10
interaction.flushEventLoop@chrome://marionette/content/interaction.js:433:10
webdriverClickElement@chrome://marionette/content/interaction.js:179:31
1616112413238	Marionette	WARN	TimedPromise timed out after 500 ms: stacktrace:
TimedPromise/<@chrome://marionette/content/sync.js:231:19
TimedPromise@chrome://marionette/content/sync.js:216:10
interaction.flushEventLoop@chrome://marionette/content/interaction.js:433:10
webdriverClickElement@chrome://marionette/content/interaction.js:179:31
1616112425722	Marionette	WARN	TimedPromise timed out after 500 ms: stacktrace:
TimedPromise/<@chrome://marionette/content/sync.js:231:19
TimedPromise@chrome://marionette/content/sync.js:216:10
interaction.flushEventLoop@chrome://marionette/content/interaction.js:433:10
webdriverClickElement@chrome://marionette/content/interaction.js:179:31
1616112426943	Marionette	WARN	TimedPromise timed out after 500 ms: stacktrace:
TimedPromise/<@chrome://marionette/content/sync.js:231:19
TimedPromise@chrome://marionette/content/sync.js:216:10
interaction.flushEventLoop@chrome://marionette/content/interaction.js:433:10
webdriverClickElement@chrome://marionette/content/interaction.js:179:31
WARNING: At least one completion condition is taking too long to complete. Conditions: [{"name":"ContentParent: id=1884efd3000","state":{"remoteTypePrefix":"web"},"filename":"/builds/worker/checkouts/gecko/dom/ipc/ContentParent.cpp","lineNumber":3500,"stack":["resource://gre/modules/nsAsyncShutdown.jsm:addBlocker:162","chrome://global/content/elements/browser-custom-element.js:get loadContext:353","chrome://global/content/elements/browser-custom-element.js:construct:986","chrome://global/content/elements/browser-custom-element.js:connectedCallback:291","chrome://browser/content/tabbrowser.js:_setupInitialBrowserAndTab:396","chrome://browser/content/tabbrowser.js:init:50","chrome://browser/content/browser.js:onDOMContentLoaded:1737"]}] Barrier: profile-before-change
JavaScript error: resource:///modules/sessionstore/SessionStore.jsm, line 2294: TypeError: subject.QueryInterface is not a function
A content process crashed and MOZ_CRASHREPORTER_SHUTDOWN is set, shutting down
1616113051787	Marionette	INFO	Stopped listening on port 60969
is undefined
JavaScript error: https://itra.run/js/app.js?id=63cce5278cebf0344f35, line 1: TypeError: t.notifs.forEach is not a function
1616113062885	Marionette	INFO	Stopped listening on port 61554

###!!! [Child][RunMessage] Error: Channel closing: too late to send/recv, messages will be lost

ox\\firefox.exe" "--marionette" "-foreground" "-no-remote" "-profile" "C:\\Users\\apelaez\\AppData\\Local\\Temp\\rust_mozprofileC9Ll3L"
console.warn: SearchSettings: "get: No settings file exists, new profile?" (new Error("", "(unknown module)"))
console.error: Region.jsm: "Error fetching region" (new TypeError("NetworkError when attempting to fetch resource.", ""))
console.error: Region.jsm: "Failed to fetch region" (new Error("NO_RESULT", "resource://gre/modules/Region.jsm", 422))
1616113053571	Marionette	INFO	Listening on port 61703
1616113053671	Marionette	WARN	TLS certificate errors will be ignored for this session
JavaScript error: https://connect.facebook.net/fr_FR/sdk.js?hash=80087b19801912233fb27a061546bbb9, line 59: uncaught exception: Error: invalid version specified
JavaScript error: https://itra.run/js/app.js?id=63cce5278cebf0344f35, line 1: TypeError: this is undefined
JavaScript error: https://itra.run/js/app.js?id=63cce5278cebf0344f35, line 1: TypeError: t.notifs.forEach is not a function
JavaScript error: https://connect.facebook.net/fr_FR/sdk.js?hash=80087b19801912233fb27a061546bbb9, line 59: uncaught exception: Error: invalid version specified
JavaScript error: https://itra.run/js/app.js?id=63cce5278cebf0344f35, line 1: TypeError: this is undefined
JavaScript error: https://itra.run/js/app.js?id=63cce5278cebf0344f35, line 1: TypeError: t.notifs.forEach is not a function
1616113081712	Marionette	WARN	TimedPromise timed out after 500 ms: stacktrace:
TimedPromise/<@chrome://marionette/content/sync.js:231:19
TimedPromise@chrome://marionette/content/sync.js:216:10
interaction.flushEventLoop@chrome://marionette/content/interaction.js:433:10
webdriverClickElement@chrome://marionette/content/interaction.js:179:31
1616113082967	Marionette	WARN	TimedPromise timed out after 500 ms: stacktrace:
TimedPromise/<@chrome://marionette/content/sync.js:231:19
TimedPromise@chrome://marionette/content/sync.js:216:10
interaction.flushEventLoop@chrome://marionette/content/interaction.js:433:10
webdriverClickElement@chrome://marionette/content/interaction.js:179:31
1616113092201	Marionette	WARN	TimedPromise timed out after 500 ms: stacktrace:
TimedPromise/<@chrome://marionette/content/sync.js:231:19
TimedPromise@chrome://marionette/content/sync.js:216:10
interaction.flushEventLoop@chrome://marionette/content/interaction.js:433:10
webdriverClickElement@chrome://marionette/content/interaction.js:179:31
1616113093421	Marionette	WARN	TimedPromise timed out after 500 ms: stacktrace:
TimedPromise/<@chrome://marionette/content/sync.js:231:19
TimedPromise@chrome://marionette/content/sync.js:216:10
interaction.flushEventLoop@chrome://marionette/content/interaction.js:433:10
webdriverClickElement@chrome://marionette/content/interaction.js:179:31
1616114049372	Marionette	WARN	TimedPromise timed out after 500 ms: stacktrace:
TimedPromise/<@chrome://marionette/content/sync.js:231:19
TimedPromise@chrome://marionette/content/sync.js:216:10
interaction.flushEventLoop@chrome://marionette/content/interaction.js:433:10
webdriverClickElement@chrome://marionette/content/interaction.js:179:31
1616114112315	Marionette	INFO	Stopped listening on port 61703
1616114116835	geckodriver	INFO	Listening on 127.0.0.1:63321
1616114119847	mozrunner::runner	INFO	Running command: "C:\\Users\\apelaez\\AppData\\Local\\Mozilla Firefox\\firefox.exe" "--marionette" "-foreground" "-no-remote" "-profile" "C:\\Users\\apelaez\\AppData\\Local\\Temp\\rust_mozprofileDLOH0a"
console.warn: SearchSettings: "get: No settings file exists, new profile?" (new Error("", "(unknown module)"))
1616114122573	Marionette	INFO	Listening on port 63331
1616114122601	Marionette	WARN	TLS certificate errors will be ignored for this session
JavaScript error: https://connect.facebook.net/fr_FR/sdk.js?hash=80087b19801912233fb27a061546bbb9, line 59: uncaught exception: Error: invalid version specified
JavaScript error: https://itra.run/js/app.js?id=63cce5278cebf0344f35, line 1: TypeError: this is undefined
JavaScript error: https://itra.run/js/app.js?id=63cce5278cebf0344f35, line 1: TypeError: t.notifs.forEach is not a function
1616114138371	Marionette	WARN	TimedPromise timed out after 500 ms: stacktrace:
TimedPromise/<@chrome://marionette/content/sync.js:231:19
TimedPromise@chrome://marionette/content/sync.js:216:10
interaction.flushEventLoop@chrome://marionette/content/interaction.js:433:10
webdriverClickElement@chrome://marionette/content/interaction.js:179:31
JavaScript error: https://itra.run/js/app.js?id=63cce5278cebf0344f35, line 1: TypeError: this is undefined
JavaScript error: https://itra.run/js/app.js?id=63cce5278cebf0344f35, line 1: TypeError: t.notifs.forEach is not a function
JavaScript error: https://connect.facebook.net/en_US/sdk.js?hash=369d60b835e0e074016c098b5700a80f, line 59: uncaught exception: Error: invalid version specified
1616114264827	Marionette	WARN	TimedPromise timed out after 500 ms: stacktrace:
TimedPromise/<@chrome://marionette/content/sync.js:231:19
TimedPromise@chrome://marionette/content/sync.js:216:10
interaction.flushEventLoop@chrome://marionette/content/interaction.js:433:10
webdriverClickElement@chrome://marionette/content/interaction.js:179:31
1616114885047	Marionette	INFO	Stopped listening on port 63331
1616114899961	geckodriver	INFO	Listening on 127.0.0.1:54830
1616114902988	mozrunner::runner	INFO	Running command: "C:\\Users\\apelaez\\AppData\\Local\\Mozilla Firefox\\firefox.exe" "--marionette" "-foreground" "-no-remote" "-profile" "C:\\Users\\apelaez\\AppData\\Local\\Temp\\rust_mozprofileP9q5N7"
console.warn: SearchSettings: "get: No settings file exists, new profile?" (new Error("", "(unknown module)"))
1616114906332	Marionette	INFO	Listening on port 54840
console.error: Region.jsm: "Error fetching region" (new TypeError("NetworkError when attempting to fetch resource.", ""))
console.error: Region.jsm: "Failed to fetch region" (new Error("NO_RESULT", "resource://gre/modules/Region.jsm", 422))
1616114906831	Marionette	WARN	TLS certificate errors will be ignored for this session
JavaScript error: https://itra.run/js/app.js?id=63cce5278cebf0344f35, line 1: TypeError: this is undefined
JavaScript error: https://connect.facebook.net/fr_FR/sdk.js?hash=83af44c5de6a7ad89a24a2f91a858d36, line 59: uncaught exception: Error: invalid version specified
JavaScript error: https://itra.run/js/app.js?id=63cce5278cebf0344f35, line 1: TypeError: t.notifs.forEach is not a function
console.error: (new TypeError("currentNode is null", "resource://devtools/client/inspector/shared/style-change-tracker.js", 66))
TypeError: currentNode is null: canMutationImpactCurrentStyles@resource://devtools/client/inspector/shared/style-change-tracker.js:66:20
onMutations@resource://devtools/client/inspector/shared/style-change-tracker.js:84:41
_emit@resource://devtools/shared/event-emitter.js:226:34
emit@resource://devtools/shared/event-emitter.js:172:18
emit@resource://devtools/shared/event-emitter.js:324:18
getMutations@resource://devtools/client/fronts/walker.js:358:10

JavaScript error: https://itra.run/js/app.js?id=63cce5278cebf0344f35, line 1: TypeError: this is undefined
JavaScript error: https://connect.facebook.net/fr_FR/sdk.js?hash=83af44c5de6a7ad89a24a2f91a858d36, line 59: uncaught exception: Error: invalid version specified
JavaScript error: https://itra.run/js/app.js?id=63cce5278cebf0344f35, line 1: TypeError: t.notifs.forEach is not a function
JavaScript error: https://connect.facebook.net/fr_FR/sdk.js?hash=83af44c5de6a7ad89a24a2f91a858d36, line 59: uncaught exception: Error: invalid version specified
JavaScript error: https://itra.run/js/app.js?id=63cce5278cebf0344f35, line 1: TypeError: this is undefined
JavaScript error: https://itra.run/js/app.js?id=63cce5278cebf0344f35, line 1: TypeError: t.notifs.forEach is not a function
1616173141741	Marionette	INFO	Stopped listening on port 54840
6116011895	mozrunner::runner	INFO	Running command: "C:\\Users\\apelaez\\AppData\\Local\\Mozilla Firefox\\firefox.exe" "--marionette" "-foreground" "-no-remote" "-profile" "C:\\Users\\apelaez\\AppData\\Local\\Temp\\rust_mozprofileFjq8gJ"
console.warn: SearchSettings: "get: No settings file exists, new profile?" (new Error("", "(unknown module)"))
console.error: Region.jsm: "Error fetching region" (new TypeError("NetworkError when attempting to fetch resource.", ""))
console.error: Region.jsm: "Failed to fetch region" (new Error("NO_RESULT", "resource://gre/modules/Region.jsm", 422))
1616116017116	Marionette	INFO	Listening on port 56851
1616116017372	Marionette	WARN	TLS certificate errors will be ignored for this session
JavaScript error: https://itra.run/js/app.js?id=63cce5278cebf0344f35, line 1: TypeError: this is undefined
JavaScript error: https://connect.facebook.net/fr_FR/sdk.js?hash=83af44c5de6a7ad89a24a2f91a858d36, line 59: uncaught exception: Error: invalid version specified
JavaScript error: https://itra.run/js/app.js?id=63cce5278cebf0344f35, line 1: TypeError: t.notifs.forEach is not a function
1616173140371	Marionette	INFO	Stopped listening on port 56851
6116031933	mozrunner::runner	INFO	Running command: "C:\\Users\\apelaez\\AppData\\Local\\Mozilla Firefox\\firefox.exe" "--marionette" "-foreground" "-no-remote" "-profile" "C:\\Users\\apelaez\\AppData\\Local\\Temp\\rust_mozprofileikRjBT"
console.warn: SearchSettings: "get: No settings file exists, new profile?" (new Error("", "(unknown module)"))
console.error: Region.jsm: "Error fetching region" (new TypeError("NetworkError when attempting to fetch resource.", ""))
console.error: Region.jsm: "Failed to fetch region" (new Error("NO_RESULT", "resource://gre/modules/Region.jsm", 422))
1616116036855	Marionette	INFO	Listening on port 57004
1616116036885	Marionette	WARN	TLS certificate errors will be ignored for this session
JavaScript error: https://connect.facebook.net/fr_FR/sdk.js?hash=83af44c5de6a7ad89a24a2f91a858d36, line 59: uncaught exception: Error: invalid version specified
JavaScript error: https://itra.run/js/app.js?id=63cce5278cebf0344f35, line 1: TypeError: this is undefined
JavaScript error: https://itra.run/js/app.js?id=63cce5278cebf0344f35, line 1: TypeError: t.notifs.forEach is not a function
JavaScript error: https://connect.facebook.net/fr_FR/sdk.js?hash=83af44c5de6a7ad89a24a2f91a858d36, line 59: uncaught exception: Error: invalid version specified
JavaScript error: https://itra.run/js/app.js?id=63cce5278cebf0344f35, line 1: TypeError: this is undefined
JavaScript error: https://itra.run/js/app.js?id=63cce5278cebf0344f35, line 1: TypeError: t.notifs.forEach is not a function
1616173139283	Marionette	INFO	Stopped listening on port 57004
1616173656617	geckodriver	INFO	Listening on 127.0.0.1:58641
1616173659657	mozrunner::runner	INFO	Running command: "C:\\Users\\apelaez\\AppData\\Local\\Mozilla Firefox\\firefox.exe" "--marionette" "-foreground" "-no-remote" "-profile" "C:\\Users\\apelaez\\AppData\\Local\\Temp\\rust_mozprofileROYpVx"
console.warn: SearchSettings: "get: No settings file exists, new profile?" (new Error("", "(unknown module)"))
console.error: Region.jsm: "Error fetching region" (new TypeError("NetworkError when attempting to fetch resource.", ""))
console.error: Region.jsm: "Failed to fetch region" (new Error("NO_RESULT", "resource://gre/modules/Region.jsm", 422))
1616173663547	Marionette	INFO	Listening on port 58657
1616173664008	Marionette	WARN	TLS certificate errors will be ignored for this session
JavaScript error: https://itra.run/js/app.js?id=63cce5278cebf0344f35, line 1: TypeError: this is undefined
JavaScript error: https://connect.facebook.net/fr_FR/sdk.js?hash=0b5e5996c2d4d5ef153c29405caa6952, line 59: uncaught exception: Error: invalid version specified
JavaScript error: https://itra.run/js/app.js?id=63cce5278cebf0344f35, line 1: TypeError: t.notifs.forEach is not a function
JavaScript error: https://connect.facebook.net/fr_FR/sdk.js?hash=0b5e5996c2d4d5ef153c29405caa6952, line 59: uncaught exception: Error: invalid version specified
JavaScript error: https://itra.run/js/app.js?id=63cce5278cebf0344f35, line 1: TypeError: this is undefined
JavaScript error: https://itra.run/js/app.js?id=63cce5278cebf0344f35, line 1: TypeError: t.notifs.forEach is not a function
1616174103379	Marionette	WARN	TimedPromise timed out after 500 ms: stacktrace:
TimedPromise/<@chrome://marionette/content/sync.js:231:19
TimedPromise@chrome://marionette/content/sync.js:216:10
interaction.flushEventLoop@chrome://marionette/content/interaction.js:433:10
webdriverClickElement@chrome://marionette/content/interaction.js:179:31
1616174193449	Marionette	INFO	Stopped listening on port 58657
1616174793095	geckodriver	INFO	Listening on 127.0.0.1:61116
1616174796119	mozrunner::runner	INFO	Running command: "C:\\Users\\apelaez\\AppData\\Local\\Mozilla Firefox\\firefox.exe" "--marionette" "-foreground" "-no-remote" "-profile" "C:\\Users\\apelaez\\AppData\\Local\\Temp\\rust_mozprofile4mktqp"
console.warn: SearchSettings: "get: No settings file exists, new profile?" (new Error("", "(unknown module)"))
1616174800164	Marionette	INFO	Listening on port 61124
console.error: Region.jsm: "Error fetching region" (new TypeError("NetworkError when attempting to fetch resource.", ""))
console.error: Region.jsm: "Failed to fetch region" (new Error("NO_RESULT", "resource://gre/modules/Region.jsm", 422))
1616174800509	Marionette	WARN	TLS certificate errors will be ignored for this session
JavaScript error: https://connect.facebook.net/fr_FR/sdk.js?hash=0b5e5996c2d4d5ef153c29405caa6952, line 59: uncaught exception: Error: invalid version specified
JavaScript error: https://itra.run/js/app.js?id=63cce5278cebf0344f35, line 1: TypeError: this is undefined
JavaScript error: https://itra.run/js/app.js?id=63cce5278cebf0344f35, line 1: TypeError: t.notifs.forEach is not a function
JavaScript error: https://itra.run/js/app.js?id=63cce5278cebf0344f35, line 1: TypeError: this is undefined
JavaScript error: https://itra.run/js/app.js?id=63cce5278cebf0344f35, line 1: TypeError: t.notifs.forEach is not a function
JavaScript error: https://connect.facebook.net/fr_FR/sdk.js?hash=0b5e5996c2d4d5ef153c29405caa6952, line 59: uncaught exception: Error: invalid version specified
JavaScript error: , line 0: uncaught exception: Object
1616175166440	Marionette	INFO	Stopped listening on port 61124
1616175822864	geckodriver	INFO	Listening on 127.0.0.1:61876
1616175825911	mozrunner::runner	INFO	Running command: "C:\\Users\\apelaez\\AppData\\Local\\Mozilla Firefox\\firefox.exe" "--marionette" "-foreground" "-no-remote" "-profile" "C:\\Users\\apelaez\\AppData\\Local\\Temp\\rust_mozprofileMYztQe"
console.warn: SearchSettings: "get: No settings file exists, new profile?" (new Error("", "(unknown module)"))
console.error: Region.jsm: "Error fetching region" (new TypeError("NetworkError when attempting to fetch resource.", ""))
console.error: Region.jsm: "Failed to fetch region" (new Error("NO_RESULT", "resource://gre/modules/Region.jsm", 422))
1616175832330	Marionette	INFO	Listening on port 61901
1616175832651	Marionette	WARN	TLS certificate errors will be ignored for this session
JavaScript error: https://connect.facebook.net/fr_FR/sdk.js?hash=0b5e5996c2d4d5ef153c29405caa6952, line 59: uncaught exception: Error: invalid version specified
JavaScript error: https://itra.run/js/app.js?id=63cce5278cebf0344f35, line 1: TypeError: this is undefined
JavaScript error: https://itra.run/js/app.js?id=63cce5278cebf0344f35, line 1: TypeError: t.notifs.forEach is not a function
1616176337185	addons.xpi	ERROR	System addon update list error Error: Failed downloading XML, status: 0, reason: error
1616177612344	Marionette	INFO	Stopped listening on p1616177613213	Marionette	INFO	Stopped listening on port 61901
ne 1: TypeError: this is undefined
JavaScript error: https://itra.run/js/app.js?id=63cce5278cebf0344f35, line 1: TypeError: t.notifs.forEach is not a function
JavaScript error: https://itra.run/js/app.js?id=63cce5278cebf0344f35, line 1: TypeError: this is undefined
JavaScript error: https://connect.facebook.net/fr_FR/sdk.js?hash=0b5e5996c2d4d5ef153c29405caa6952, line 59: uncaught exception: Error: invalid version specified
JavaScript error: https://itra.run/js/app.js?id=63cce5278cebf0344f35, line 1: TypeError: t.notifs.forEach is not a function
JavaScript error: https://itra.run/js/app.js?id=63cce5278cebf0344f35, line 1: TypeError: this is undefined
JavaScript error: https://connect.facebook.net/fr_FR/sdk.js?hash=0b5e5996c2d4d5ef153c29405caa6952, line 59: uncaught exception: Error: invalid version specified
JavaScript error: https://itra.run/js/app.js?id=63cce5278cebf0344f35, line 1: TypeError: t.notifs.forEach is not a function
1616176337185	addons.xpi	ERROR	System addon update list error Error: Failed downloading XML, status: 0, reason: error
JavaScript error: , line 0: NS_ERROR_NOT_AVAILABLE
1616177614415	Marionette	INFO	Stopped listening on port 61902
6176823467	mozrunner::runner	INFO	Running command: "C:\\Users\\apelaez\\AppData\\Local\\Mozilla Firefox\\firefox.exe" "--marionette" "-foreground" "-no-remote" "-profile" "C:\\Users\\apelaez\\AppData\\Local\\Temp\\rust_mozprofileYkKUJe"
console.warn: SearchSettings: "get: No settings file exists, new profile?" (new Error("", "(unknown module)"))
console.error: Region.jsm: "Error fetching region" (new TypeError("NetworkError when attempting to fetch resource.", ""))
console.error: Region.jsm: "Failed to fetch region" (new Error("NO_RESULT", "resource://gre/modules/Region.jsm", 422))
1616176827343	Marionette	INFO	Listening on port 52966
1616176827812	Marionette	WARN	TLS certificate errors will be ignored for this session
JavaScript error: https://itra.run/js/app.js?id=63cce5278cebf0344f35, line 1: TypeError: this is undefined
JavaScript error: https://connect.facebook.net/fr_FR/sdk.js?hash=0b5e5996c2d4d5ef153c29405caa6952, line 59: uncaught exception: Error: invalid version specified
JavaScript error: https://itra.run/js/app.js?id=63cce5278cebf0344f35, line 1: TypeError: t.notifs.forEach is not a function
JavaScript error: resource://gre/actors/AutoCompleteChild.jsm, line 125: Error: Invalid autocomplete selectedIndex
1616177131630	Marionette	INFO	Stopped listening on port 52966
1616177615560	geckodriver	INFO	Listening on 127.0.0.1:63236
1616177618593	mozrunner::runner	INFO	Running command: "C:\\Users\\apelaez\\AppData\\Local\\Mozilla Firefox\\firefox.exe" "--marionette" "-foreground" "-no-remote" "-profile" "C:\\Users\\apelaez\\AppData\\Local\\Temp\\rust_mozprofileMkuKx7"
console.warn: SearchSettings: "get: No settings file exists, new profile?" (new Error("", "(unknown module)"))
console.error: Region.jsm: "Error fetching region" (new TypeError("NetworkError when attempting to fetch resource.", ""))
console.error: Region.jsm: "Failed to fetch region" (new Error("NO_RESULT", "resource://gre/modules/Region.jsm", 422))
1616177621925	Marionette	INFO	Listening on port 63248
1616177622432	Marionette	WARN	TLS certificate errors will be ignored for this session
JavaScript error: https://itra.run/js/app.js?id=63cce5278cebf0344f35, line 1: TypeError: this is undefined
JavaScript error: https://connect.facebook.net/fr_FR/sdk.js?hash=8d887598edc3dd382bf11a26539cd810, line 59: uncaught exception: Error: invalid version specified
JavaScript error: https://itra.run/js/app.js?id=63cce5278cebf0344f35, line 1: TypeError: t.notifs.forEach is not a function
JavaScript error: https://itra.run/js/app.js?id=63cce5278cebf0344f35, line 1: TypeError: this is undefined
JavaScript error: https://connect.facebook.net/fr_FR/sdk.js?hash=0b5e5996c2d4d5ef153c29405caa6952, line 59: uncaught exception: Error: invalid version specified
JavaScript error: https://itra.run/js/app.js?id=63cce5278cebf0344f35, line 1: TypeError: t.notifs.forEach is not a function
JavaScript error: https://connect.facebook.net/fr_FR/sdk.js?hash=0b5e5996c2d4d5ef153c29405caa6952, line 59: uncaught exception: Error: invalid version specified
JavaScript error: https://itra.run/js/app.js?id=63cce5278cebf0344f35, line 1: TypeError: this is undefined
JavaScript error: https://itra.run/js/app.js?id=63cce5278cebf0344f35, line 1: TypeError: t.notifs.forEach is not a function
JavaScript error: https://itra.run/js/app.js?id=63cce5278cebf0344f35, line 1: TypeError: this is undefined
JavaScript error: https://connect.facebook.net/fr_FR/sdk.js?hash=0b5e5996c2d4d5ef153c29405caa6952, line 59: uncaught exception: Error: invalid version specified
JavaScript error: https://itra.run/js/app.js?id=63cce5278cebf0344f35, line 1: TypeError: t.notifs.forEach is not a function
JavaScript error: https://itra.run/js/app.js?id=63cce5278cebf0344f35, line 1: TypeError: this is undefined
JavaScript error: https://connect.facebook.net/fr_FR/sdk.js?hash=0b5e5996c2d4d5ef153c29405caa6952, line 59: uncaught exception: Error: invalid version specified
JavaScript error: https://itra.run/js/app.js?id=63cce5278cebf0344f35, line 1: TypeError: t.notifs.forEach is not a function
1616178607958	Marionette	INFO	Stopped listening on port 63248
1616178610204	geckodriver	INFO	Listening on 127.0.0.1:65089
1616178613230	mozrunner::runner	INFO	Running command: "C:\\Users\\apelaez\\AppData\\Local\\Mozilla Firefox\\firefox.exe" "--marionette" "--lang=en" "-foreground" "-no-remote" "-profile" "C:\\Users\\apelaez\\AppData\\Local\\Temp\\rust_mozprofilecG8lm7"
console.warn: SearchSettings: "get: No settings file exists, new profile?" (new Error("", "(unknown module)"))
console.error: Region.jsm: "Error fetching region" (new TypeError("NetworkError when attempting to fetch resource.", ""))
console.error: Region.jsm: "Failed to fetch region" (new Error("NO_RESULT", "resource://gre/modules/Region.jsm", 422))
1616178616713	Marionette	INFO	Listening on port 65100
1616178617076	Marionette	WARN	TLS certificate errors will be ignored for this session
JavaScript error: https://connect.facebook.net/fr_FR/sdk.js?hash=0b5e5996c2d4d5ef153c29405caa6952, line 59: uncaught exception: Error: invalid version specified
JavaScript error: https://itra.run/js/app.js?id=63cce5278cebf0344f35, line 1: TypeError: this is undefined
JavaScript error: https://itra.run/js/app.js?id=63cce5278cebf0344f35, line 1: TypeError: t.notifs.forEach is not a function
1616178650114	Marionette	INFO	Stopped listening on port 65100
1616178660535	geckodriver	INFO	Listening on 127.0.0.1:65339
1616178663533	mozrunner::runner	INFO	Running command: "C:\\Users\\apelaez\\AppData\\Local\\Mozilla Firefox\\firefox.exe" "--marionette" "--lang=en-US" "-foreground" "-no-remote" "-profile" "C:\\Users\\apelaez\\AppData\\Local\\Temp\\rust_mozprofile4TRiMn"
console.warn: SearchSettings: "get: No settings file exists, new profile?" (new Error("", "(unknown module)"))
console.error: Region.jsm: "Error fetching region" (new TypeError("NetworkError when attempting to fetch resource.", ""))
console.error: Region.jsm: "Failed to fetch region" (new Error("NO_RESULT", "resource://gre/modules/Region.jsm", 422))
1616178666927	Marionette	INFO	Listening on port 65350
1616178667371	Marionette	WARN	TLS certificate errors will be ignored for this session
JavaScript error: https://connect.facebook.net/fr_FR/sdk.js?hash=0b5e5996c2d4d5ef153c29405caa6952, line 59: uncaught exception: Error: invalid version specified
JavaScript error: https://itra.run/js/app.js?id=63cce5278cebf0344f35, line 1: TypeError: this is undefined
JavaScript error: https://itra.run/js/app.js?id=63cce5278cebf0344f35, line 1: TypeError: t.notifs.forEach is not a function
JavaScript error: https://itra.run/js/app.js?id=63cce5278cebf0344f35, line 1: TypeError: this is undefined
JavaScript error: https://itra.run/js/app.js?id=63cce5278cebf0344f35, line 1: TypeError: t.notifs.forEach is not a function
JavaScript error: https://connect.facebook.net/en_US/sdk.js?hash=0d05971ab2f36dbc0762cdfa0383ba18, line 59: uncaught exception: Error: invalid version specified
JavaScript error: https://itra.run/js/app.js?id=63cce5278cebf0344f35, line 1: TypeError: this is undefined
JavaScript error: https://connect.facebook.net/fr_FR/sdk.js?hash=0b5e5996c2d4d5ef153c29405caa6952, line 59: uncaught exception: Error: invalid version specified
JavaScript error: https://itra.run/js/app.js?id=63cce5278cebf0344f35, line 1: TypeError: t.notifs.forEach is not a function
JavaScript error: https://itra.run/js/app.js?id=63cce5278cebf0344f35, line 1: TypeError: this is undefined
JavaScript error: https://itra.run/js/app.js?id=63cce5278cebf0344f35, line 1: TypeError: t.notifs.forEach is not a function
JavaScript error: https://connect.facebook.net/en_US/sdk.js?hash=0d05971ab2f36dbc0762cdfa0383ba18, line 59: uncaught exception: Error: invalid version specified
1616179496856	Marionette	WARN	TimedPromise timed out after 500 ms: stacktrace:
TimedPromise/<@chrome://marionette/content/sync.js:231:19
TimedPromise@chrome://marionette/content/sync.js:216:10
interaction.flushEventLoop@chrome://marionette/content/interaction.js:433:10
webdriverClickElement@chrome://marionette/content/interaction.js:179:31
1616179498082	Marionette	WARN	TimedPromise timed out after 500 ms: stacktrace:
TimedPromise/<@chrome://marionette/content/sync.js:231:19
TimedPromise@chrome://marionette/content/sync.js:216:10
interaction.flushEventLoop@chrome://marionette/content/interaction.js:433:10
webdriverClickElement@chrome://marionette/content/interaction.js:179:31
1616179907647	Marionette	INFO	Stopped listening on port 65350
1616179916746	geckodriver	INFO	Listening on 127.0.0.1:50994
1616179919778	mozrunner::runner	INFO	Running command: "C:\\Users\\apelaez\\AppData\\Local\\Mozilla Firefox\\firefox.exe" "--marionette" "--lang=en-US" "-foreground" "-no-remote" "-profile" "C:\\Users\\apelaez\\AppData\\Local\\Temp\\rust_mozprofileq5Cio0"
console.warn: SearchSettings: "get: No settings file exists, new profile?" (new Error("", "(unknown module)"))
console.error: Region.jsm: "Error fetching region" (new TypeError("NetworkError when attempting to fetch resource.", ""))
console.error: Region.jsm: "Failed to fetch region" (new Error("NO_RESULT", "resource://gre/modules/Region.jsm", 422))
1616179923231	Marionette	INFO	Listening on port 51004
1616179923627	Marionette	WARN	TLS certificate errors will be ignored for this session
JavaScript error: https://itra.run/js/app.js?id=63cce5278cebf0344f35, line 1: TypeError: this is undefined
JavaScript error: https://connect.facebook.net/fr_FR/sdk.js?hash=0b5e5996c2d4d5ef153c29405caa6952, line 59: uncaught exception: Error: invalid version specified
JavaScript error: https://itra.run/js/app.js?id=63cce5278cebf0344f35, line 1: TypeError: t.notifs.forEach is not a function
1616180523192	Marionette	WARN	TimedPromise timed out after 500 ms: stacktrace:
TimedPromise/<@chrome://marionette/content/sync.js:231:19
TimedPromise@chrome://marionette/content/sync.js:216:10
interaction.flushEventLoop@chrome://marionette/content/interaction.js:433:10
webdriverClickElement@chrome://marionette/content/interaction.js:179:31
1616180524501	Marionette	WARN	TimedPromise timed out after 500 ms: stacktrace:
TimedPromise/<@chrome://marionette/content/sync.js:231:19
TimedPromise@chrome://marionette/content/sync.js:216:10
interaction.flushEventLoop@chrome://marionette/content/interaction.js:433:10
webdriverClickElement@chrome://marionette/content/interaction.js:179:31
